Arguments: 
  /Users/aengli1/.nvm/versions/node/v8.2.1/lib/node_modules/node/bin/node /Users/aengli1/.npm-packages/bin/yarn add node-ensure

PATH: 
  /Users/aengli1/.nvm/versions/node/v8.2.1/bin:/Users/aengli1/.npm-packages/bin:/opt/local/bin:/opt/local/sbin:/Users/aengli1/.npm-packages/bin:/Users/aengli1/.npm-packages/bin:/Users/aengli1/.npm-packages/bin:/Users/aengli1/.npm-packages/bin:/Users/aengli1/.npm-packages/bin:/Users/aengli1/.npm-packages/bin:/Users/aengli1/.npm-packages/bin:/Users/aengli1/.npm-packages/bin:/Users/aengli1/.npm-packages/bin:/Users/aengli1/.npm-packages/bin:/Users/aengli1/.npm-packages/bin:/Users/aengli1/.npm-packages/bin:/usr/local/bin:/usr/bin:/bin:/usr/sbin:/sbin:/opt/X11/bin:/Users/aengli1/.npm-packages/bin:/opt/local/bin:/opt/local/sbin:/Library/Android/sdk/platform-tools:/Library/Android/sdk/tools:/Users/aengli1/Library/Android/sdk/platform-tools/:/Users/[yourusername]/android-sdks/platform-tools/:/usr/local/mysql/bin:/usr/local/Cellar/mysql/5.6.27/bin:/Library/Android/sdk/platform-tools:/Library/Android/sdk/tools:/Users/aengli1/Library/Android/sdk/platform-tools/:/Library/Android/sdk/platform-tools:/Library/Android/sdk/tools:/Library/Android/sdk/platform-tools:/Library/Android/sdk/tools:/Users/aengli1/Library/Android/sdk/platform-tools/:/Users/[yourusername]/android-sdks/platform-tools/:/Users/[yourusername]/android-sdks/platform-tools/:/Users/aengli1/Library/Android/sdk/platform-tools/:/Library/Android/sdk/platform-tools:/Library/Android/sdk/tools:/Users/aengli1/Library/Android/sdk/platform-tools/:/Library/Android/sdk/platform-tools:/Library/Android/sdk/tools:/Users/aengli1/Library/Android/sdk/platform-tools/:/Library/Android/sdk/platform-tools:/Library/Android/sdk/tools:/Users/aengli1/Library/Android/sdk/platform-tools/:/usr/local/mysql/bin:/usr/local/Cellar/mysql/5.6.27/bin

Yarn version: 
  1.3.2

Node version: 
  9.1.0

Platform: 
  darwin x64

npm manifest: 
  {
    "name": "pdf-bot",
    "version": "1.0.0",
    "description": "",
    "main": "index.js",
    "scripts": {
      "test": "echo \"Error: no test specified\" && exit 1"
    },
    "author": "",
    "license": "ISC",
    "dependencies": {
      "@types/node": "^9.4.6"
    }
  }

yarn manifest: 
  No manifest

Lockfile: 
  # THIS IS AN AUTOGENERATED FILE. DO NOT EDIT THIS FILE DIRECTLY.
  # yarn lockfile v1
  
  
  "@types/node@^9.4.6":
    version "9.4.6"
    resolved "http://npme.walmart.com/@types/node/-/node-9.4.6.tgz#d8176d864ee48753d053783e4e463aec86b8d82e"

Trace: 
  Error: getaddrinfo ENOTFOUND npme.walmart.com npme.walmart.com:443
      at errnoException (dns.js:55:10)
      at GetAddrInfoReqWrap.onlookup [as oncomplete] (dns.js:97:26)
